{"contracts/AAProxy.sol":{"l":{"31":50,"48":227},"path":"/Users/danrusnac/Work/ethglobal-istanbul/account-abstraction/packages/contracts/contracts/AAProxy.sol","s":{"1":50,"2":227},"b":{},"f":{"1":50,"2":227},"fnMap":{"1":{"name":"constructor","line":30,"loc":{"start":{"line":30,"column":4},"end":{"line":32,"column":4}}},"2":{"name":"_implementation","line":41,"loc":{"start":{"line":41,"column":4},"end":{"line":49,"column":4}}}},"statementMap":{"1":{"start":{"line":31,"column":8},"end":{"line":31,"column":59}},"2":{"start":{"line":48,"column":8},"end":{"line":48,"column":47}}},"branchMap":{}},"contracts/accounts/callback/TokenCallbackHandler.sol":{"l":{"21":1,"31":1,"41":1,"47":3},"path":"/Users/danrusnac/Work/ethglobal-istanbul/account-abstraction/packages/contracts/contracts/accounts/callback/TokenCallbackHandler.sol","s":{"1":1,"2":1,"3":1,"4":3},"b":{"1":[1,1],"2":[1,1]},"f":{"1":1,"2":1,"3":1,"4":3},"fnMap":{"1":{"name":"onERC721Received","line":15,"loc":{"start":{"line":15,"column":4},"end":{"line":22,"column":4}}},"2":{"name":"onERC1155Received","line":24,"loc":{"start":{"line":24,"column":4},"end":{"line":32,"column":4}}},"3":{"name":"onERC1155BatchReceived","line":34,"loc":{"start":{"line":34,"column":4},"end":{"line":42,"column":4}}},"4":{"name":"supportsInterface","line":44,"loc":{"start":{"line":44,"column":4},"end":{"line":51,"column":4}}}},"statementMap":{"1":{"start":{"line":21,"column":8},"end":{"line":21,"column":56}},"2":{"start":{"line":31,"column":8},"end":{"line":31,"column":58}},"3":{"start":{"line":41,"column":8},"end":{"line":41,"column":63}},"4":{"start":{"line":47,"column":8},"end":{"line":47,"column":1413}}},"branchMap":{"1":{"line":48,"type":"cond-expr","locations":[{"start":{"line":48,"column":12},"end":{"line":48,"column":59}},{"start":{"line":49,"column":12},"end":{"line":49,"column":60}}]},"2":{"line":48,"type":"cond-expr","locations":[{"start":{"line":48,"column":12},"end":{"line":49,"column":60}},{"start":{"line":50,"column":12},"end":{"line":50,"column":51}}]}}},"contracts/accounts/SimpleAccount.sol":{"l":{"55":49,"59":17,"67":33,"68":33,"69":33,"77":33,"78":33,"87":3,"88":2,"97":6,"105":12,"115":3,"116":3,"132":6,"133":5,"148":6,"149":5,"154":2,"155":1,"156":2,"159":1,"160":2,"183":6,"191":2,"214":7,"220":6,"226":5,"227":4,"230":3,"240":2,"243":2,"244":4,"253":2,"258":1,"260":1,"282":3,"287":3,"288":3,"289":3,"292":3,"303":3,"305":3,"306":3,"330":6,"331":5,"333":3,"345":3,"347":3,"348":3,"360":15,"361":15,"362":1},"path":"/Users/danrusnac/Work/ethglobal-istanbul/account-abstraction/packages/contracts/contracts/accounts/SimpleAccount.sol","s":{"1":49,"2":17,"3":33,"4":33,"5":33,"6":33,"7":3,"8":6,"9":12,"10":3,"11":6,"12":5,"13":6,"14":5,"15":2,"16":1,"17":2,"18":1,"19":2,"20":6,"21":2,"22":7,"23":6,"24":5,"25":4,"26":3,"27":2,"28":4,"29":2,"30":1,"31":3,"32":3,"33":3,"34":3,"35":3,"36":3,"37":3,"38":6,"39":5,"40":3,"41":3,"42":3,"43":3,"44":15,"45":15},"b":{"1":[33,0],"2":[5,1],"3":[4,1],"4":[10,2],"5":[2,3],"6":[1,1],"7":[1,1],"8":[6,1],"9":[5,1],"10":[4,1],"11":[3,1],"12":[2,1],"13":[1,1],"14":[2,1],"15":[5,1],"16":[3,2],"17":[2,1],"18":[1,14]},"f":{"1":49,"2":17,"3":33,"4":33,"5":3,"6":6,"7":12,"8":3,"9":6,"10":6,"11":6,"12":7,"13":2,"14":3,"15":6,"16":15},"fnMap":{"1":{"name":"constructor","line":54,"loc":{"start":{"line":54,"column":4},"end":{"line":56,"column":4}}},"2":{"name":"version","line":58,"loc":{"start":{"line":58,"column":4},"end":{"line":60,"column":4}}},"3":{"name":"initialize","line":66,"loc":{"start":{"line":66,"column":4},"end":{"line":70,"column":4}}},"4":{"name":"_initialize","line":76,"loc":{"start":{"line":76,"column":4},"end":{"line":79,"column":4}}},"5":{"name":"onlyOwner","line":86,"loc":{"start":{"line":86,"column":4},"end":{"line":89,"column":4}}},"6":{"name":"_onlyOwner","line":95,"loc":{"start":{"line":95,"column":4},"end":{"line":101,"column":4}}},"7":{"name":"_requireFromOwner","line":104,"loc":{"start":{"line":104,"column":4},"end":{"line":106,"column":4}}},"8":{"name":"_authorizeUpgrade","line":112,"loc":{"start":{"line":112,"column":4},"end":{"line":117,"column":4}}},"9":{"name":"execute","line":127,"loc":{"start":{"line":127,"column":4},"end":{"line":134,"column":4}}},"10":{"name":"executeBatch","line":143,"loc":{"start":{"line":143,"column":4},"end":{"line":163,"column":4}}},"11":{"name":"executeWithAuthorization","line":175,"loc":{"start":{"line":175,"column":4},"end":{"line":192,"column":4}}},"12":{"name":"executeBatchWithAuthorization","line":204,"loc":{"start":{"line":204,"column":4},"end":{"line":246,"column":4}}},"13":{"name":"transferOwnership","line":252,"loc":{"start":{"line":252,"column":4},"end":{"line":261,"column":4}}},"14":{"name":"_validateBatchAuthorization","line":273,"loc":{"start":{"line":273,"column":4},"end":{"line":317,"column":4}}},"15":{"name":"_validateAuthorization","line":322,"loc":{"start":{"line":322,"column":4},"end":{"line":349,"column":4}}},"16":{"name":"_call","line":359,"loc":{"start":{"line":359,"column":4},"end":{"line":366,"column":4}}}},"statementMap":{"1":{"start":{"line":55,"column":8},"end":{"line":55,"column":29}},"2":{"start":{"line":59,"column":8},"end":{"line":59,"column":16}},"3":{"start":{"line":67,"column":8},"end":{"line":67,"column":27}},"4":{"start":{"line":68,"column":8},"end":{"line":68,"column":35}},"5":{"start":{"line":69,"column":8},"end":{"line":69,"column":31}},"6":{"start":{"line":78,"column":8},"end":{"line":78,"column":44}},"7":{"start":{"line":87,"column":8},"end":{"line":87,"column":19}},"8":{"start":{"line":97,"column":8},"end":{"line":97,"column":3649}},"9":{"start":{"line":105,"column":8},"end":{"line":105,"column":71}},"10":{"start":{"line":116,"column":8},"end":{"line":116,"column":19}},"11":{"start":{"line":132,"column":8},"end":{"line":132,"column":26}},"12":{"start":{"line":133,"column":8},"end":{"line":133,"column":31}},"13":{"start":{"line":148,"column":8},"end":{"line":148,"column":26}},"14":{"start":{"line":149,"column":8},"end":{"line":149,"column":5254}},"15":{"start":{"line":154,"column":8},"end":{"line":154,"column":5426}},"16":{"start":{"line":155,"column":12},"end":{"line":155,"column":5467}},"17":{"start":{"line":156,"column":16},"end":{"line":156,"column":41}},"18":{"start":{"line":159,"column":12},"end":{"line":159,"column":5598}},"19":{"start":{"line":160,"column":16},"end":{"line":160,"column":48}},"20":{"start":{"line":183,"column":8},"end":{"line":183,"column":6520}},"21":{"start":{"line":191,"column":8},"end":{"line":191,"column":29}},"22":{"start":{"line":214,"column":8},"end":{"line":214,"column":7616}},"23":{"start":{"line":220,"column":8},"end":{"line":220,"column":7804}},"24":{"start":{"line":226,"column":8},"end":{"line":226,"column":75}},"25":{"start":{"line":227,"column":8},"end":{"line":227,"column":70}},"26":{"start":{"line":230,"column":8},"end":{"line":230,"column":8173}},"27":{"start":{"line":243,"column":8},"end":{"line":243,"column":8436}},"28":{"start":{"line":244,"column":12},"end":{"line":244,"column":42}},"29":{"start":{"line":253,"column":8},"end":{"line":253,"column":8730}},"30":{"start":{"line":258,"column":8},"end":{"line":258,"column":50}},"31":{"start":{"line":282,"column":8},"end":{"line":282,"column":9730}},"32":{"start":{"line":287,"column":8},"end":{"line":287,"column":64}},"33":{"start":{"line":288,"column":8},"end":{"line":288,"column":10050}},"34":{"start":{"line":292,"column":8},"end":{"line":292,"column":10162}},"35":{"start":{"line":303,"column":8},"end":{"line":303,"column":53}},"36":{"start":{"line":305,"column":8},"end":{"line":305,"column":67}},"37":{"start":{"line":306,"column":8},"end":{"line":306,"column":10638}},"38":{"start":{"line":330,"column":8},"end":{"line":330,"column":75}},"39":{"start":{"line":331,"column":8},"end":{"line":331,"column":70}},"40":{"start":{"line":333,"column":8},"end":{"line":333,"column":11418}},"41":{"start":{"line":345,"column":8},"end":{"line":345,"column":53}},"42":{"start":{"line":347,"column":8},"end":{"line":347,"column":67}},"43":{"start":{"line":348,"column":8},"end":{"line":348,"column":59}},"44":{"start":{"line":360,"column":8},"end":{"line":360,"column":77}},"45":{"start":{"line":361,"column":8},"end":{"line":361,"column":12417}}},"branchMap":{"1":{"line":66,"type":"if","locations":[{"start":{"line":66,"column":56},"end":{"line":66,"column":56}},{"start":{"line":66,"column":56},"end":{"line":66,"column":56}}]},"2":{"line":97,"type":"if","locations":[{"start":{"line":97,"column":8},"end":{"line":97,"column":8}},{"start":{"line":97,"column":8},"end":{"line":97,"column":8}}]},"3":{"line":98,"type":"cond-expr","locations":[{"start":{"line":98,"column":12},"end":{"line":98,"column":30}},{"start":{"line":98,"column":35},"end":{"line":98,"column":61}}]},"4":{"line":105,"type":"if","locations":[{"start":{"line":105,"column":8},"end":{"line":105,"column":8}},{"start":{"line":105,"column":8},"end":{"line":105,"column":8}}]},"5":{"line":149,"type":"if","locations":[{"start":{"line":149,"column":8},"end":{"line":149,"column":8}},{"start":{"line":149,"column":8},"end":{"line":149,"column":8}}]},"6":{"line":151,"type":"cond-expr","locations":[{"start":{"line":151,"column":17},"end":{"line":151,"column":33}},{"start":{"line":151,"column":38},"end":{"line":151,"column":64}}]},"7":{"line":154,"type":"if","locations":[{"start":{"line":154,"column":8},"end":{"line":154,"column":8}},{"start":{"line":154,"column":8},"end":{"line":154,"column":8}}]},"8":{"line":214,"type":"if","locations":[{"start":{"line":214,"column":8},"end":{"line":214,"column":8}},{"start":{"line":214,"column":8},"end":{"line":214,"column":8}}]},"9":{"line":220,"type":"if","locations":[{"start":{"line":220,"column":8},"end":{"line":220,"column":8}},{"start":{"line":220,"column":8},"end":{"line":220,"column":8}}]},"10":{"line":226,"type":"if","locations":[{"start":{"line":226,"column":8},"end":{"line":226,"column":8}},{"start":{"line":226,"column":8},"end":{"line":226,"column":8}}]},"11":{"line":227,"type":"if","locations":[{"start":{"line":227,"column":8},"end":{"line":227,"column":8}},{"start":{"line":227,"column":8},"end":{"line":227,"column":8}}]},"12":{"line":252,"type":"if","locations":[{"start":{"line":252,"column":56},"end":{"line":252,"column":56}},{"start":{"line":252,"column":56},"end":{"line":252,"column":56}}]},"13":{"line":253,"type":"if","locations":[{"start":{"line":253,"column":8},"end":{"line":253,"column":8}},{"start":{"line":253,"column":8},"end":{"line":253,"column":8}}]},"14":{"line":306,"type":"if","locations":[{"start":{"line":306,"column":8},"end":{"line":306,"column":8}},{"start":{"line":306,"column":8},"end":{"line":306,"column":8}}]},"15":{"line":330,"type":"if","locations":[{"start":{"line":330,"column":8},"end":{"line":330,"column":8}},{"start":{"line":330,"column":8},"end":{"line":330,"column":8}}]},"16":{"line":331,"type":"if","locations":[{"start":{"line":331,"column":8},"end":{"line":331,"column":8}},{"start":{"line":331,"column":8},"end":{"line":331,"column":8}}]},"17":{"line":348,"type":"if","locations":[{"start":{"line":348,"column":8},"end":{"line":348,"column":8}},{"start":{"line":348,"column":8},"end":{"line":348,"column":8}}]},"18":{"line":361,"type":"if","locations":[{"start":{"line":361,"column":8},"end":{"line":361,"column":8}},{"start":{"line":361,"column":8},"end":{"line":361,"column":8}}]}}},"contracts/accounts/SimpleAccountFactory.sol":{"l":{"68":52,"76":6,"80":0,"81":0,"83":0,"85":0,"92":50,"96":50,"99":50,"102":50,"130":35,"133":35,"147":35,"148":0,"151":35,"157":35,"166":35,"182":1,"196":1,"197":0,"201":1,"207":1,"216":1,"231":44,"234":44,"248":44,"249":8,"253":36,"279":2,"293":2,"294":0,"298":2,"324":82,"325":5,"329":77,"343":2,"356":3,"369":9,"370":1,"374":8,"377":3,"378":3,"381":0,"382":0,"385":0,"387":5},"path":"/Users/danrusnac/Work/ethglobal-istanbul/account-abstraction/packages/contracts/contracts/accounts/SimpleAccountFactory.sol","s":{"1":52,"2":6,"3":0,"4":0,"5":0,"6":50,"7":50,"8":35,"9":35,"10":35,"11":0,"12":35,"13":35,"14":1,"15":1,"16":0,"17":1,"18":1,"19":44,"20":44,"21":44,"22":8,"23":36,"24":2,"25":2,"26":0,"27":2,"28":82,"29":5,"30":77,"31":2,"32":3,"33":9,"34":1,"35":8,"36":3,"37":3,"38":0,"39":0,"40":0,"41":5},"b":{"1":[0,1],"2":[50,1],"3":[50,0],"4":[50,0],"5":[1,1],"6":[0,35],"7":[3,32],"8":[0,1],"9":[0,1],"10":[8,36],"11":[0,2],"12":[5,77],"13":[3,3],"14":[1,8],"15":[3,0],"16":[0,0]},"f":{"1":52,"2":6,"3":0,"4":50,"5":1,"6":35,"7":1,"8":44,"9":2,"10":82,"11":2,"12":3,"13":9},"fnMap":{"1":{"name":"constructor","line":67,"loc":{"start":{"line":67,"column":4},"end":{"line":69,"column":4}}},"2":{"name":"version","line":75,"loc":{"start":{"line":75,"column":4},"end":{"line":77,"column":4}}},"3":{"name":"initialize","line":79,"loc":{"start":{"line":79,"column":4},"end":{"line":86,"column":4}}},"4":{"name":"initializeV3","line":91,"loc":{"start":{"line":88,"column":4},"end":{"line":103,"column":4}}},"5":{"name":"_authorizeUpgrade","line":113,"loc":{"start":{"line":111,"column":4},"end":{"line":113,"column":62}}},"6":{"name":"createAccount","line":127,"loc":{"start":{"line":127,"column":4},"end":{"line":167,"column":4}}},"7":{"name":"createAccountWithSalt","line":177,"loc":{"start":{"line":177,"column":4},"end":{"line":217,"column":4}}},"8":{"name":"getAccountAddress","line":230,"loc":{"start":{"line":230,"column":4},"end":{"line":266,"column":4}}},"9":{"name":"getAccountAddressWithSalt","line":274,"loc":{"start":{"line":274,"column":4},"end":{"line":311,"column":4}}},"10":{"name":"_mustUseV1Implementation","line":321,"loc":{"start":{"line":321,"column":4},"end":{"line":332,"column":4}}},"11":{"name":"currentAccountImplementationVersion","line":338,"loc":{"start":{"line":338,"column":4},"end":{"line":345,"column":4}}},"12":{"name":"currentAccountImplementationAddress","line":351,"loc":{"start":{"line":351,"column":4},"end":{"line":357,"column":4}}},"13":{"name":"accountNeedsUpgradeToVersion","line":365,"loc":{"start":{"line":365,"column":4},"end":{"line":389,"column":4}}}},"statementMap":{"1":{"start":{"line":68,"column":8},"end":{"line":68,"column":29}},"2":{"start":{"line":76,"column":8},"end":{"line":76,"column":16}},"3":{"start":{"line":80,"column":8},"end":{"line":80,"column":31}},"4":{"start":{"line":81,"column":8},"end":{"line":81,"column":29}},"5":{"start":{"line":83,"column":8},"end":{"line":83,"column":49}},"6":{"start":{"line":92,"column":8},"end":{"line":92,"column":4479}},"7":{"start":{"line":96,"column":8},"end":{"line":96,"column":69}},"8":{"start":{"line":130,"column":8},"end":{"line":130,"column":46}},"9":{"start":{"line":133,"column":8},"end":{"line":133,"column":5948}},"10":{"start":{"line":147,"column":8},"end":{"line":147,"column":6422}},"11":{"start":{"line":148,"column":12},"end":{"line":148,"column":65}},"12":{"start":{"line":151,"column":8},"end":{"line":151,"column":6592}},"13":{"start":{"line":166,"column":8},"end":{"line":166,"column":56}},"14":{"start":{"line":182,"column":8},"end":{"line":182,"column":7670}},"15":{"start":{"line":196,"column":8},"end":{"line":196,"column":8144}},"16":{"start":{"line":197,"column":12},"end":{"line":197,"column":65}},"17":{"start":{"line":201,"column":8},"end":{"line":201,"column":8376}},"18":{"start":{"line":216,"column":8},"end":{"line":216,"column":56}},"19":{"start":{"line":231,"column":8},"end":{"line":231,"column":46}},"20":{"start":{"line":234,"column":8},"end":{"line":234,"column":9716}},"21":{"start":{"line":248,"column":8},"end":{"line":248,"column":10206}},"22":{"start":{"line":249,"column":12},"end":{"line":249,"column":41}},"23":{"start":{"line":253,"column":8},"end":{"line":253,"column":10391}},"24":{"start":{"line":279,"column":8},"end":{"line":279,"column":11442}},"25":{"start":{"line":293,"column":8},"end":{"line":293,"column":11932}},"26":{"start":{"line":294,"column":12},"end":{"line":294,"column":41}},"27":{"start":{"line":298,"column":8},"end":{"line":298,"column":12117}},"28":{"start":{"line":324,"column":8},"end":{"line":324,"column":13291}},"29":{"start":{"line":325,"column":12},"end":{"line":325,"column":23}},"30":{"start":{"line":329,"column":8},"end":{"line":329,"column":13516}},"31":{"start":{"line":343,"column":8},"end":{"line":343,"column":13941}},"32":{"start":{"line":356,"column":8},"end":{"line":356,"column":47}},"33":{"start":{"line":369,"column":8},"end":{"line":369,"column":14720}},"34":{"start":{"line":370,"column":12},"end":{"line":370,"column":24}},"35":{"start":{"line":374,"column":8},"end":{"line":374,"column":14896}},"36":{"start":{"line":377,"column":12},"end":{"line":377,"column":15022}},"37":{"start":{"line":378,"column":16},"end":{"line":378,"column":28}},"38":{"start":{"line":381,"column":12},"end":{"line":381,"column":15166}},"39":{"start":{"line":382,"column":16},"end":{"line":382,"column":27}},"40":{"start":{"line":385,"column":12},"end":{"line":385,"column":24}},"41":{"start":{"line":387,"column":12},"end":{"line":387,"column":23}}},"branchMap":{"1":{"line":79,"type":"if","locations":[{"start":{"line":79,"column":33},"end":{"line":79,"column":33}},{"start":{"line":79,"column":33},"end":{"line":79,"column":33}}]},"2":{"line":91,"type":"if","locations":[{"start":{"line":91,"column":13},"end":{"line":91,"column":13}},{"start":{"line":91,"column":13},"end":{"line":91,"column":13}}]},"3":{"line":92,"type":"if","locations":[{"start":{"line":92,"column":8},"end":{"line":92,"column":8}},{"start":{"line":92,"column":8},"end":{"line":92,"column":8}}]},"4":{"line":96,"type":"if","locations":[{"start":{"line":96,"column":8},"end":{"line":96,"column":8}},{"start":{"line":96,"column":8},"end":{"line":96,"column":8}}]},"5":{"line":113,"type":"if","locations":[{"start":{"line":113,"column":32},"end":{"line":113,"column":32}},{"start":{"line":113,"column":32},"end":{"line":113,"column":32}}]},"6":{"line":147,"type":"if","locations":[{"start":{"line":147,"column":8},"end":{"line":147,"column":8}},{"start":{"line":147,"column":8},"end":{"line":147,"column":8}}]},"7":{"line":154,"type":"if","locations":[{"start":{"line":154,"column":14},"end":{"line":154,"column":45}},{"start":{"line":155,"column":14},"end":{"line":155,"column":45}}]},"8":{"line":196,"type":"if","locations":[{"start":{"line":196,"column":8},"end":{"line":196,"column":8}},{"start":{"line":196,"column":8},"end":{"line":196,"column":8}}]},"9":{"line":204,"type":"if","locations":[{"start":{"line":204,"column":14},"end":{"line":204,"column":45}},{"start":{"line":205,"column":14},"end":{"line":205,"column":45}}]},"10":{"line":248,"type":"if","locations":[{"start":{"line":248,"column":8},"end":{"line":248,"column":8}},{"start":{"line":248,"column":8},"end":{"line":248,"column":8}}]},"11":{"line":293,"type":"if","locations":[{"start":{"line":293,"column":8},"end":{"line":293,"column":8}},{"start":{"line":293,"column":8},"end":{"line":293,"column":8}}]},"12":{"line":324,"type":"if","locations":[{"start":{"line":324,"column":8},"end":{"line":324,"column":8}},{"start":{"line":324,"column":8},"end":{"line":324,"column":8}}]},"13":{"line":330,"type":"cond-expr","locations":[{"start":{"line":330,"column":12},"end":{"line":330,"column":60}},{"start":{"line":331,"column":12},"end":{"line":331,"column":61}}]},"14":{"line":369,"type":"if","locations":[{"start":{"line":369,"column":8},"end":{"line":369,"column":8}},{"start":{"line":369,"column":8},"end":{"line":369,"column":8}}]},"15":{"line":377,"type":"if","locations":[{"start":{"line":377,"column":12},"end":{"line":377,"column":12}},{"start":{"line":377,"column":12},"end":{"line":377,"column":12}}]},"16":{"line":381,"type":"if","locations":[{"start":{"line":381,"column":12},"end":{"line":381,"column":12}},{"start":{"line":381,"column":12},"end":{"line":381,"column":12}}]}}}}