{"contracts/AAProxy.sol":{"l":{"31":31,"48":134},"path":"/Users/danrusnac/Work/ethglobal-istanbul/account-abstraction/packages/contracts/contracts/AAProxy.sol","s":{"1":31,"2":134},"b":{},"f":{"1":31,"2":134},"fnMap":{"1":{"name":"constructor","line":30,"loc":{"start":{"line":30,"column":4},"end":{"line":32,"column":4}}},"2":{"name":"_implementation","line":41,"loc":{"start":{"line":41,"column":4},"end":{"line":49,"column":4}}}},"statementMap":{"1":{"start":{"line":31,"column":8},"end":{"line":31,"column":59}},"2":{"start":{"line":48,"column":8},"end":{"line":48,"column":47}}},"branchMap":{}},"contracts/accounts/callback/TokenCallbackHandler.sol":{"l":{"21":0,"31":0,"41":0,"47":0},"path":"/Users/danrusnac/Work/ethglobal-istanbul/account-abstraction/packages/contracts/contracts/accounts/callback/TokenCallbackHandler.sol","s":{"1":0,"2":0,"3":0,"4":0},"b":{"1":[0,0],"2":[0,0]},"f":{"1":0,"2":0,"3":0,"4":0},"fnMap":{"1":{"name":"onERC721Received","line":15,"loc":{"start":{"line":15,"column":4},"end":{"line":22,"column":4}}},"2":{"name":"onERC1155Received","line":24,"loc":{"start":{"line":24,"column":4},"end":{"line":32,"column":4}}},"3":{"name":"onERC1155BatchReceived","line":34,"loc":{"start":{"line":34,"column":4},"end":{"line":42,"column":4}}},"4":{"name":"supportsInterface","line":44,"loc":{"start":{"line":44,"column":4},"end":{"line":51,"column":4}}}},"statementMap":{"1":{"start":{"line":21,"column":8},"end":{"line":21,"column":56}},"2":{"start":{"line":31,"column":8},"end":{"line":31,"column":58}},"3":{"start":{"line":41,"column":8},"end":{"line":41,"column":63}},"4":{"start":{"line":47,"column":8},"end":{"line":47,"column":1413}}},"branchMap":{"1":{"line":48,"type":"cond-expr","locations":[{"start":{"line":48,"column":12},"end":{"line":48,"column":59}},{"start":{"line":49,"column":12},"end":{"line":49,"column":60}}]},"2":{"line":48,"type":"cond-expr","locations":[{"start":{"line":48,"column":12},"end":{"line":49,"column":60}},{"start":{"line":50,"column":12},"end":{"line":50,"column":51}}]}}},"contracts/accounts/SimpleAccount.sol":{"l":{"51":31,"55":11,"63":17,"64":17,"65":17,"73":17,"74":17,"83":2,"84":2,"93":4,"101":6,"111":2,"112":2,"128":4,"129":3,"144":2,"145":1,"150":1,"151":0,"152":0,"155":1,"156":2,"179":5,"187":2,"210":2,"216":2,"222":2,"223":2,"226":2,"236":2,"239":2,"240":5,"249":2,"271":2,"276":2,"277":2,"278":2,"281":2,"292":2,"294":2,"295":2,"319":5,"320":5,"322":3,"334":3,"336":3,"337":3,"349":12,"350":12,"351":0},"path":"/Users/danrusnac/Work/ethglobal-istanbul/account-abstraction/packages/contracts/contracts/accounts/SimpleAccount.sol","s":{"1":31,"2":11,"3":17,"4":17,"5":17,"6":17,"7":2,"8":4,"9":6,"10":2,"11":4,"12":3,"13":2,"14":1,"15":1,"16":0,"17":0,"18":1,"19":2,"20":5,"21":2,"22":2,"23":2,"24":2,"25":2,"26":2,"27":2,"28":5,"29":2,"30":2,"31":2,"32":2,"33":2,"34":2,"35":2,"36":5,"37":5,"38":3,"39":3,"40":3,"41":3,"42":12,"43":12},"b":{"1":[17,0],"2":[4,0],"3":[2,2],"4":[4,2],"5":[1,0],"6":[0,1],"7":[0,1],"8":[2,0],"9":[2,0],"10":[2,0],"11":[2,0],"12":[2,0],"13":[2,0],"14":[5,0],"15":[3,2],"16":[2,1],"17":[0,12]},"f":{"1":31,"2":11,"3":17,"4":17,"5":2,"6":4,"7":6,"8":2,"9":4,"10":2,"11":5,"12":2,"13":2,"14":2,"15":5,"16":12},"fnMap":{"1":{"name":"constructor","line":50,"loc":{"start":{"line":50,"column":4},"end":{"line":52,"column":4}}},"2":{"name":"version","line":54,"loc":{"start":{"line":54,"column":4},"end":{"line":56,"column":4}}},"3":{"name":"initialize","line":62,"loc":{"start":{"line":62,"column":4},"end":{"line":66,"column":4}}},"4":{"name":"_initialize","line":72,"loc":{"start":{"line":72,"column":4},"end":{"line":75,"column":4}}},"5":{"name":"onlyOwner","line":82,"loc":{"start":{"line":82,"column":4},"end":{"line":85,"column":4}}},"6":{"name":"_onlyOwner","line":91,"loc":{"start":{"line":91,"column":4},"end":{"line":97,"column":4}}},"7":{"name":"_requireFromOwner","line":100,"loc":{"start":{"line":100,"column":4},"end":{"line":102,"column":4}}},"8":{"name":"_authorizeUpgrade","line":108,"loc":{"start":{"line":108,"column":4},"end":{"line":113,"column":4}}},"9":{"name":"execute","line":123,"loc":{"start":{"line":123,"column":4},"end":{"line":130,"column":4}}},"10":{"name":"executeBatch","line":139,"loc":{"start":{"line":139,"column":4},"end":{"line":159,"column":4}}},"11":{"name":"executeWithAuthorization","line":171,"loc":{"start":{"line":171,"column":4},"end":{"line":188,"column":4}}},"12":{"name":"executeBatchWithAuthorization","line":200,"loc":{"start":{"line":200,"column":4},"end":{"line":242,"column":4}}},"13":{"name":"transferOwnership","line":248,"loc":{"start":{"line":248,"column":4},"end":{"line":250,"column":4}}},"14":{"name":"_validateBatchAuthorization","line":262,"loc":{"start":{"line":262,"column":4},"end":{"line":306,"column":4}}},"15":{"name":"_validateAuthorization","line":311,"loc":{"start":{"line":311,"column":4},"end":{"line":338,"column":4}}},"16":{"name":"_call","line":348,"loc":{"start":{"line":348,"column":4},"end":{"line":355,"column":4}}}},"statementMap":{"1":{"start":{"line":51,"column":8},"end":{"line":51,"column":29}},"2":{"start":{"line":55,"column":8},"end":{"line":55,"column":16}},"3":{"start":{"line":63,"column":8},"end":{"line":63,"column":27}},"4":{"start":{"line":64,"column":8},"end":{"line":64,"column":35}},"5":{"start":{"line":65,"column":8},"end":{"line":65,"column":31}},"6":{"start":{"line":74,"column":8},"end":{"line":74,"column":44}},"7":{"start":{"line":83,"column":8},"end":{"line":83,"column":19}},"8":{"start":{"line":93,"column":8},"end":{"line":93,"column":3538}},"9":{"start":{"line":101,"column":8},"end":{"line":101,"column":71}},"10":{"start":{"line":112,"column":8},"end":{"line":112,"column":19}},"11":{"start":{"line":128,"column":8},"end":{"line":128,"column":26}},"12":{"start":{"line":129,"column":8},"end":{"line":129,"column":31}},"13":{"start":{"line":144,"column":8},"end":{"line":144,"column":26}},"14":{"start":{"line":145,"column":8},"end":{"line":145,"column":5143}},"15":{"start":{"line":150,"column":8},"end":{"line":150,"column":5315}},"16":{"start":{"line":151,"column":12},"end":{"line":151,"column":5356}},"17":{"start":{"line":152,"column":16},"end":{"line":152,"column":41}},"18":{"start":{"line":155,"column":12},"end":{"line":155,"column":5487}},"19":{"start":{"line":156,"column":16},"end":{"line":156,"column":48}},"20":{"start":{"line":179,"column":8},"end":{"line":179,"column":6409}},"21":{"start":{"line":187,"column":8},"end":{"line":187,"column":29}},"22":{"start":{"line":210,"column":8},"end":{"line":210,"column":7505}},"23":{"start":{"line":216,"column":8},"end":{"line":216,"column":7693}},"24":{"start":{"line":222,"column":8},"end":{"line":222,"column":75}},"25":{"start":{"line":223,"column":8},"end":{"line":223,"column":70}},"26":{"start":{"line":226,"column":8},"end":{"line":226,"column":8062}},"27":{"start":{"line":239,"column":8},"end":{"line":239,"column":8325}},"28":{"start":{"line":240,"column":12},"end":{"line":240,"column":42}},"29":{"start":{"line":271,"column":8},"end":{"line":271,"column":9441}},"30":{"start":{"line":276,"column":8},"end":{"line":276,"column":64}},"31":{"start":{"line":277,"column":8},"end":{"line":277,"column":9761}},"32":{"start":{"line":281,"column":8},"end":{"line":281,"column":9873}},"33":{"start":{"line":292,"column":8},"end":{"line":292,"column":53}},"34":{"start":{"line":294,"column":8},"end":{"line":294,"column":67}},"35":{"start":{"line":295,"column":8},"end":{"line":295,"column":10349}},"36":{"start":{"line":319,"column":8},"end":{"line":319,"column":75}},"37":{"start":{"line":320,"column":8},"end":{"line":320,"column":70}},"38":{"start":{"line":322,"column":8},"end":{"line":322,"column":11129}},"39":{"start":{"line":334,"column":8},"end":{"line":334,"column":53}},"40":{"start":{"line":336,"column":8},"end":{"line":336,"column":67}},"41":{"start":{"line":337,"column":8},"end":{"line":337,"column":59}},"42":{"start":{"line":349,"column":8},"end":{"line":349,"column":77}},"43":{"start":{"line":350,"column":8},"end":{"line":350,"column":12128}}},"branchMap":{"1":{"line":62,"type":"if","locations":[{"start":{"line":62,"column":56},"end":{"line":62,"column":56}},{"start":{"line":62,"column":56},"end":{"line":62,"column":56}}]},"2":{"line":93,"type":"if","locations":[{"start":{"line":93,"column":8},"end":{"line":93,"column":8}},{"start":{"line":93,"column":8},"end":{"line":93,"column":8}}]},"3":{"line":94,"type":"cond-expr","locations":[{"start":{"line":94,"column":12},"end":{"line":94,"column":30}},{"start":{"line":94,"column":35},"end":{"line":94,"column":61}}]},"4":{"line":101,"type":"if","locations":[{"start":{"line":101,"column":8},"end":{"line":101,"column":8}},{"start":{"line":101,"column":8},"end":{"line":101,"column":8}}]},"5":{"line":145,"type":"if","locations":[{"start":{"line":145,"column":8},"end":{"line":145,"column":8}},{"start":{"line":145,"column":8},"end":{"line":145,"column":8}}]},"6":{"line":147,"type":"cond-expr","locations":[{"start":{"line":147,"column":17},"end":{"line":147,"column":33}},{"start":{"line":147,"column":38},"end":{"line":147,"column":64}}]},"7":{"line":150,"type":"if","locations":[{"start":{"line":150,"column":8},"end":{"line":150,"column":8}},{"start":{"line":150,"column":8},"end":{"line":150,"column":8}}]},"8":{"line":210,"type":"if","locations":[{"start":{"line":210,"column":8},"end":{"line":210,"column":8}},{"start":{"line":210,"column":8},"end":{"line":210,"column":8}}]},"9":{"line":216,"type":"if","locations":[{"start":{"line":216,"column":8},"end":{"line":216,"column":8}},{"start":{"line":216,"column":8},"end":{"line":216,"column":8}}]},"10":{"line":222,"type":"if","locations":[{"start":{"line":222,"column":8},"end":{"line":222,"column":8}},{"start":{"line":222,"column":8},"end":{"line":222,"column":8}}]},"11":{"line":223,"type":"if","locations":[{"start":{"line":223,"column":8},"end":{"line":223,"column":8}},{"start":{"line":223,"column":8},"end":{"line":223,"column":8}}]},"12":{"line":248,"type":"if","locations":[{"start":{"line":248,"column":56},"end":{"line":248,"column":56}},{"start":{"line":248,"column":56},"end":{"line":248,"column":56}}]},"13":{"line":295,"type":"if","locations":[{"start":{"line":295,"column":8},"end":{"line":295,"column":8}},{"start":{"line":295,"column":8},"end":{"line":295,"column":8}}]},"14":{"line":319,"type":"if","locations":[{"start":{"line":319,"column":8},"end":{"line":319,"column":8}},{"start":{"line":319,"column":8},"end":{"line":319,"column":8}}]},"15":{"line":320,"type":"if","locations":[{"start":{"line":320,"column":8},"end":{"line":320,"column":8}},{"start":{"line":320,"column":8},"end":{"line":320,"column":8}}]},"16":{"line":337,"type":"if","locations":[{"start":{"line":337,"column":8},"end":{"line":337,"column":8}},{"start":{"line":337,"column":8},"end":{"line":337,"column":8}}]},"17":{"line":350,"type":"if","locations":[{"start":{"line":350,"column":8},"end":{"line":350,"column":8}},{"start":{"line":350,"column":8},"end":{"line":350,"column":8}}]}}},"contracts/accounts/SimpleAccountFactory.sol":{"l":{"69":33,"77":5,"81":0,"82":0,"84":0,"86":0,"94":31,"97":31,"99":31,"127":17,"130":17,"144":17,"145":0,"148":17,"154":17,"163":17,"179":1,"193":1,"194":0,"198":1,"204":1,"213":1,"228":24,"231":24,"245":24,"246":4,"250":20,"276":1,"290":1,"291":0,"295":1,"321":43,"322":3,"326":40,"340":2,"353":3,"366":0,"367":0,"371":0,"374":0,"375":0,"378":0,"379":0,"382":0,"384":0},"path":"/Users/danrusnac/Work/ethglobal-istanbul/account-abstraction/packages/contracts/contracts/accounts/SimpleAccountFactory.sol","s":{"1":33,"2":5,"3":0,"4":0,"5":0,"6":31,"7":17,"8":17,"9":17,"10":0,"11":17,"12":17,"13":1,"14":1,"15":0,"16":1,"17":1,"18":24,"19":24,"20":24,"21":4,"22":20,"23":1,"24":1,"25":0,"26":1,"27":43,"28":3,"29":40,"30":2,"31":3,"32":0,"33":0,"34":0,"35":0,"36":0,"37":0,"38":0,"39":0,"40":0},"b":{"1":[0,1],"2":[31,1],"3":[1,1],"4":[0,17],"5":[1,16],"6":[0,1],"7":[0,1],"8":[4,20],"9":[0,1],"10":[3,40],"11":[1,1],"12":[0,0],"13":[0,0],"14":[0,0]},"f":{"1":33,"2":5,"3":0,"4":31,"5":1,"6":17,"7":1,"8":24,"9":1,"10":43,"11":2,"12":3,"13":0},"fnMap":{"1":{"name":"constructor","line":68,"loc":{"start":{"line":68,"column":4},"end":{"line":70,"column":4}}},"2":{"name":"version","line":76,"loc":{"start":{"line":76,"column":4},"end":{"line":78,"column":4}}},"3":{"name":"initialize","line":80,"loc":{"start":{"line":80,"column":4},"end":{"line":87,"column":4}}},"4":{"name":"initializeV3","line":92,"loc":{"start":{"line":89,"column":4},"end":{"line":100,"column":4}}},"5":{"name":"_authorizeUpgrade","line":110,"loc":{"start":{"line":108,"column":4},"end":{"line":110,"column":62}}},"6":{"name":"createAccount","line":124,"loc":{"start":{"line":124,"column":4},"end":{"line":164,"column":4}}},"7":{"name":"createAccountWithSalt","line":174,"loc":{"start":{"line":174,"column":4},"end":{"line":214,"column":4}}},"8":{"name":"getAccountAddress","line":227,"loc":{"start":{"line":227,"column":4},"end":{"line":263,"column":4}}},"9":{"name":"getAccountAddressWithSalt","line":271,"loc":{"start":{"line":271,"column":4},"end":{"line":308,"column":4}}},"10":{"name":"_mustUseV1Implementation","line":318,"loc":{"start":{"line":318,"column":4},"end":{"line":329,"column":4}}},"11":{"name":"currentAccountImplementationVersion","line":335,"loc":{"start":{"line":335,"column":4},"end":{"line":342,"column":4}}},"12":{"name":"currentAccountImplementationAddress","line":348,"loc":{"start":{"line":348,"column":4},"end":{"line":354,"column":4}}},"13":{"name":"accountNeedsUpgradeToVersion","line":362,"loc":{"start":{"line":362,"column":4},"end":{"line":386,"column":4}}}},"statementMap":{"1":{"start":{"line":69,"column":8},"end":{"line":69,"column":29}},"2":{"start":{"line":77,"column":8},"end":{"line":77,"column":16}},"3":{"start":{"line":81,"column":8},"end":{"line":81,"column":31}},"4":{"start":{"line":82,"column":8},"end":{"line":82,"column":29}},"5":{"start":{"line":84,"column":8},"end":{"line":84,"column":49}},"6":{"start":{"line":99,"column":8},"end":{"line":99,"column":37}},"7":{"start":{"line":127,"column":8},"end":{"line":127,"column":46}},"8":{"start":{"line":130,"column":8},"end":{"line":130,"column":5845}},"9":{"start":{"line":144,"column":8},"end":{"line":144,"column":6319}},"10":{"start":{"line":145,"column":12},"end":{"line":145,"column":65}},"11":{"start":{"line":148,"column":8},"end":{"line":148,"column":6489}},"12":{"start":{"line":163,"column":8},"end":{"line":163,"column":56}},"13":{"start":{"line":179,"column":8},"end":{"line":179,"column":7567}},"14":{"start":{"line":193,"column":8},"end":{"line":193,"column":8041}},"15":{"start":{"line":194,"column":12},"end":{"line":194,"column":65}},"16":{"start":{"line":198,"column":8},"end":{"line":198,"column":8273}},"17":{"start":{"line":213,"column":8},"end":{"line":213,"column":56}},"18":{"start":{"line":228,"column":8},"end":{"line":228,"column":46}},"19":{"start":{"line":231,"column":8},"end":{"line":231,"column":9613}},"20":{"start":{"line":245,"column":8},"end":{"line":245,"column":10103}},"21":{"start":{"line":246,"column":12},"end":{"line":246,"column":41}},"22":{"start":{"line":250,"column":8},"end":{"line":250,"column":10288}},"23":{"start":{"line":276,"column":8},"end":{"line":276,"column":11339}},"24":{"start":{"line":290,"column":8},"end":{"line":290,"column":11829}},"25":{"start":{"line":291,"column":12},"end":{"line":291,"column":41}},"26":{"start":{"line":295,"column":8},"end":{"line":295,"column":12014}},"27":{"start":{"line":321,"column":8},"end":{"line":321,"column":13188}},"28":{"start":{"line":322,"column":12},"end":{"line":322,"column":23}},"29":{"start":{"line":326,"column":8},"end":{"line":326,"column":13413}},"30":{"start":{"line":340,"column":8},"end":{"line":340,"column":13838}},"31":{"start":{"line":353,"column":8},"end":{"line":353,"column":47}},"32":{"start":{"line":366,"column":8},"end":{"line":366,"column":14617}},"33":{"start":{"line":367,"column":12},"end":{"line":367,"column":24}},"34":{"start":{"line":371,"column":8},"end":{"line":371,"column":14793}},"35":{"start":{"line":374,"column":12},"end":{"line":374,"column":14919}},"36":{"start":{"line":375,"column":16},"end":{"line":375,"column":28}},"37":{"start":{"line":378,"column":12},"end":{"line":378,"column":15063}},"38":{"start":{"line":379,"column":16},"end":{"line":379,"column":27}},"39":{"start":{"line":382,"column":12},"end":{"line":382,"column":24}},"40":{"start":{"line":384,"column":12},"end":{"line":384,"column":23}}},"branchMap":{"1":{"line":80,"type":"if","locations":[{"start":{"line":80,"column":33},"end":{"line":80,"column":33}},{"start":{"line":80,"column":33},"end":{"line":80,"column":33}}]},"2":{"line":92,"type":"if","locations":[{"start":{"line":92,"column":13},"end":{"line":92,"column":13}},{"start":{"line":92,"column":13},"end":{"line":92,"column":13}}]},"3":{"line":110,"type":"if","locations":[{"start":{"line":110,"column":32},"end":{"line":110,"column":32}},{"start":{"line":110,"column":32},"end":{"line":110,"column":32}}]},"4":{"line":144,"type":"if","locations":[{"start":{"line":144,"column":8},"end":{"line":144,"column":8}},{"start":{"line":144,"column":8},"end":{"line":144,"column":8}}]},"5":{"line":151,"type":"if","locations":[{"start":{"line":151,"column":14},"end":{"line":151,"column":45}},{"start":{"line":152,"column":14},"end":{"line":152,"column":45}}]},"6":{"line":193,"type":"if","locations":[{"start":{"line":193,"column":8},"end":{"line":193,"column":8}},{"start":{"line":193,"column":8},"end":{"line":193,"column":8}}]},"7":{"line":201,"type":"if","locations":[{"start":{"line":201,"column":14},"end":{"line":201,"column":45}},{"start":{"line":202,"column":14},"end":{"line":202,"column":45}}]},"8":{"line":245,"type":"if","locations":[{"start":{"line":245,"column":8},"end":{"line":245,"column":8}},{"start":{"line":245,"column":8},"end":{"line":245,"column":8}}]},"9":{"line":290,"type":"if","locations":[{"start":{"line":290,"column":8},"end":{"line":290,"column":8}},{"start":{"line":290,"column":8},"end":{"line":290,"column":8}}]},"10":{"line":321,"type":"if","locations":[{"start":{"line":321,"column":8},"end":{"line":321,"column":8}},{"start":{"line":321,"column":8},"end":{"line":321,"column":8}}]},"11":{"line":327,"type":"cond-expr","locations":[{"start":{"line":327,"column":12},"end":{"line":327,"column":60}},{"start":{"line":328,"column":12},"end":{"line":328,"column":61}}]},"12":{"line":366,"type":"if","locations":[{"start":{"line":366,"column":8},"end":{"line":366,"column":8}},{"start":{"line":366,"column":8},"end":{"line":366,"column":8}}]},"13":{"line":374,"type":"if","locations":[{"start":{"line":374,"column":12},"end":{"line":374,"column":12}},{"start":{"line":374,"column":12},"end":{"line":374,"column":12}}]},"14":{"line":378,"type":"if","locations":[{"start":{"line":378,"column":12},"end":{"line":378,"column":12}},{"start":{"line":378,"column":12},"end":{"line":378,"column":12}}]}}}}